<?xml version="1.0" encoding="UTF-8"?>
<!-- Generated by org.testng.reporters.JUnitReportReporter -->
<testsuite hostname="DESKTOP-3OGS98V" failures="0" tests="1" name="com.amazon.testCases.AmazonLoginTest" time="40.936" errors="0" timestamp="2022-01-08T23:23:41 PST" skipped="0">
  <testcase classname="com.amazon.testCases.AmazonLoginTest" name="AmazonTest" time="40.936"/>
  <system-out/>
</testsuite> <!-- com.amazon.testCases.AmazonLoginTest -->
